

Started GET "/assets/rails.png" for 127.0.0.1 at 2012-11-27 14:58:39 +0800
Served asset /rails.png - 200 OK (5ms)


Started GET "/users" for 127.0.0.1 at 2012-11-27 15:57:05 +0800

ActionController::RoutingError (No route matches [GET] "/users"):
  actionpack (3.2.8) lib/action_dispatch/middleware/debug_exceptions.rb:21:in `call'
  actionpack (3.2.8) lib/action_dispatch/middleware/show_exceptions.rb:56:in `call'
  railties (3.2.8) lib/rails/rack/logger.rb:26:in `call_app'
  railties (3.2.8) lib/rails/rack/logger.rb:16:in `call'
  actionpack (3.2.8) lib/action_dispatch/middleware/request_id.rb:22:in `call'
  rack (1.4.1) lib/rack/methodoverride.rb:21:in `call'
  rack (1.4.1) lib/rack/runtime.rb:17:in `call'
  activesupport (3.2.8) lib/active_support/cache/strategy/local_cache.rb:72:in `call'
  rack (1.4.1) lib/rack/lock.rb:15:in `call'
  actionpack (3.2.8) lib/action_dispatch/middleware/static.rb:62:in `call'
  railties (3.2.8) lib/rails/engine.rb:479:in `call'
  railties (3.2.8) lib/rails/application.rb:223:in `call'
  rack (1.4.1) lib/rack/content_length.rb:14:in `call'
  railties (3.2.8) lib/rails/rack/log_tailer.rb:17:in `call'
  rack (1.4.1) lib/rack/handler/webrick.rb:59:in `service'
  /usr/local/rvm/rubies/ruby-1.9.3-p327/lib/ruby/1.9.1/webrick/httpserver.rb:138:in `service'
  /usr/local/rvm/rubies/ruby-1.9.3-p327/lib/ruby/1.9.1/webrick/httpserver.rb:94:in `run'
  /usr/local/rvm/rubies/ruby-1.9.3-p327/lib/ruby/1.9.1/webrick/server.rb:191:in `block in start_thread'


  Rendered /usr/local/rvm/gems/ruby-1.9.3-p327/gems/actionpack-3.2.8/lib/action_dispatch/middleware/templates/rescues/routing_error.erb within rescues/layout (7.6ms)


Started GET "/users/sign_in" for 127.0.0.1 at 2012-11-27 18:33:26 +0800
Processing by Devise::SessionsController#new as HTML
  Rendered /usr/local/rvm/gems/ruby-1.9.3-p327/gems/devise-2.1.2/app/views/devise/shared/_links.erb (3.4ms)
  Rendered /usr/local/rvm/gems/ruby-1.9.3-p327/gems/devise-2.1.2/app/views/devise/sessions/new.html.erb within layouts/application (43.4ms)
Completed 500 Internal Server Error in 76ms

ActionView::Template::Error (undefined method `yeild' for #<#<Class:0x007fd2d88c5908>:0x007fd2d88cd310>):
    1: <!DOCTYPE html>
    2: <html>
    3: <head>
    4:   <title><%= yeild :title %></title>
    5:   <%= stylesheet_link_tag    "application", :media => "all" %>
    6:   <%= javascript_include_tag "application" %>
    7:   <%= csrf_meta_tags %>
  app/views/layouts/application.html.erb:4:in `_app_views_layouts_application_html_erb__2523164475227816238_70271776745140'


  Rendered /usr/local/rvm/gems/ruby-1.9.3-p327/gems/actionpack-3.2.8/lib/action_dispatch/middleware/templates/rescues/_trace.erb (2.0ms)
  Rendered /usr/local/rvm/gems/ruby-1.9.3-p327/gems/actionpack-3.2.8/lib/action_dispatch/middleware/templates/rescues/_request_and_response.erb (30.7ms)
  Rendered /usr/local/rvm/gems/ruby-1.9.3-p327/gems/actionpack-3.2.8/lib/action_dispatch/middleware/templates/rescues/template_error.erb within rescues/layout (44.6ms)


Started GET "/users/sign_in" for 127.0.0.1 at 2012-11-27 18:34:02 +0800
Processing by Devise::SessionsController#new as HTML
  Rendered /usr/local/rvm/gems/ruby-1.9.3-p327/gems/devise-2.1.2/app/views/devise/shared/_links.erb (0.6ms)
  Rendered /usr/local/rvm/gems/ruby-1.9.3-p327/gems/devise-2.1.2/app/views/devise/sessions/new.html.erb within layouts/application (5.7ms)
Compiled questions.css  (1ms)  (pid 26169)
Compiled scaffolds.css  (21ms)  (pid 26169)
Compiled application.css  (82ms)  (pid 26169)
Compiled jquery.js  (40ms)  (pid 26169)
Compiled jquery_ujs.js  (0ms)  (pid 26169)
Compiled questions.js  (459ms)  (pid 26169)
Compiled application.js  (588ms)  (pid 26169)
Completed 200 OK in 743ms (Views: 742.0ms)


Started GET "/assets/questions.css?body=1" for 127.0.0.1 at 2012-11-27 18:34:03 +0800
Served asset /questions.css - 200 OK (3ms)


Started GET "/assets/questions.js?body=1" for 127.0.0.1 at 2012-11-27 18:34:03 +0800
Served asset /questions.js - 200 OK (4ms)


Started GET "/assets/scaffolds.css?body=1" for 127.0.0.1 at 2012-11-27 18:34:03 +0800
Served asset /scaffolds.css - 200 OK (2ms)


Started GET "/assets/application.js?body=1" for 127.0.0.1 at 2012-11-27 18:34:03 +0800
Served asset /application.js - 200 OK (8ms)


Started GET "/assets/jquery_ujs.js?body=1" for 127.0.0.1 at 2012-11-27 18:34:03 +0800
Served asset /jquery_ujs.js - 200 OK (3ms)


Started GET "/assets/jquery.js?body=1" for 127.0.0.1 at 2012-11-27 18:34:03 +0800
Served asset /jquery.js - 200 OK (3ms)


Started GET "/assets/application.css?body=1" for 127.0.0.1 at 2012-11-27 18:34:03 +0800
Served asset /application.css - 200 OK (6ms)
